1656231710957:listAuthors
1656231717750:authors
1656231728031:add-author
1656231744880:authors
1656231754983:delete-author
1656231765596:authors
1656232250146:genres
1656232261551:add-genre
1656232273549:genres
1656232279947:delete-genre
1656232289238:genres
1656234749128:books
1656234753449:add-book
1656234761997:add-author
1656234777347:add-book
1656234811360:books
1656234829793:delete-book
1656235362582:add-book
1656235367817:add-author
1656235391257:add-book
1656235410347:books
1656235418742:delete-book
1656235423039:books
1656237409911:add-genre
1656237417768:add-author
1656237428354:add-book
1656237453603:delete-author
1656237469262:authors
1656237516362:delete-genre
1656237868561:add-author
1656237879032:add-book
1656237892619:delete-author
1656240845556:genres
1656749207857:add-genre
1656749243437:add-author
1656749269497:authors
1656749390686:add-author
1656749398735:authors
1656749404752:add-genre
1656749420897:genres
1656749450549:books
1656749455627:add-book
1656749471148:books
1656749475170:add-book
1656749763005:add-author
1656749768811:add-genre
1656749778096:add-book
1656751754163:add-genre
1656751758775:add-author
1656751765145:add-book
1656751814124:books
1656752556031:add-genre
1656752571767:add-book
1656752582564:add-author
1656753412439:authors
1656753415959:add-genre
1656753420938:add-book
1656753760218:add-genre
1656753765778:add-authoe
1656753770254:add-author
1656753775917:add-book
1656753793393:books
1656753877181:delete-author
1656753883471:authors
1656753952630:add-genre
1656753957259:add-author
1656753962062:add-book
1656753969746:books
1656754058261:add-genre
1656754063668:add-author
1656754070923:add-book
1656754079216:books
1656754324503:add-genre
1656754328638:add-author
1656754332945:add-book
1656754337187:books
1656756788744:add-book
1656756793947:add-genre
1656756799441:add-author
1656756804148:add-book
1656756815900:delete-author
1656770393527:add-genre
1656770401652:add-author
1656770455255:add-book
1656770474952:delete-author
1656770881452:add-author
1656770887530:delete-author
1656772468500:add-author
1656772475955:delete-author
1656772679163:add-genre
1656772683716:add-book
1656772689524:add-author
1656772696065:add-book
1656772703300:delete-genre
1656822861502:add-author
1656822871423:add-genre
1656822880857:add-book
1656822893108:delete-author
1656822958502:authors
1656823030746:add-author
1656823035541:add-genre
1656823041251:add-book
1656823047825:delete-author
1656823654191:add-author
1656823659442:add-genre
1656823663995:add-book
1656823673340:delete-author
1656827582762:add-genre
1656827880134:add-author
1656827884344:add-book
1656827895720:delete-author
1656834919275:add-genre
1656834929158:add-author
1656834937709:add-book
1656834946974:add-review
1656834964916:reviews
1656834981190:delete-review
1656834992603:reviews
1656834999057:delete-book
1656835002445:reviews
1656837937180:add-genre
1656837942656:add-author
1656837947674:add-book
1656837959098:add-review
1656837972817:delete-book
1656839022719:add-genre
1656839029160:add-author
1656839032965:add-book
1656839040731:add-review
1656839106049:add-genre
1656839112544:add-author
1656839120065:add-book
1656839129765:add-review
1656839141248:reviews
1656839153758:delete-book
1656839608730:add-genre
1656839613437:add-book
1656839616583:add-author
1656839628150:add-book
1656839693637:add-review
1656839702583:delete-book
1656839724884:delete-review
1656839769099:delete-book
1657084609776:t
1657084613264:reviews
1657084628742:books
1657084630059:1
1657084719313:t
1657084722582:reviews
1657084736518:delete-review
1657084744739:reviews
1657085652468:t
1657085656979:delete-book
1657085735102:t
1657085924755:delete-book
1657086326132:t
1657086333359:delete-book
1657086357285:t
1657086501493:1
1657086507481:delete-book
1657087225656:t
1657087230363:delete-book
1657092430477:t
1657092433317:books
1657186177511:add-author
1657186183450:authors
1657186870715:t
1657186874650:authors
1657186878422:books
1657186888078:genres
1657186890455:reviews
1657187042050:t
1657187044112:books
1657187093330:t
1657187095289:books
1657187194675:t
1657187201677:delete-genre
1657195431356:ะต
1657195435386:t
1657195440502:delete-book
1657195445201:authors
1657195450156:books
1657195466590:t
1657195472654:delete-author
1657195520299:t
1657195526077:delete-author
1657195574921:t
1657195579113:delete-author
1657195641778:t
1657195647134:delete-author
1657195651996:books
1657195654029:genres
1657195657513:books
1657195659989:reviews
1657198532125:t
1657198536491:delete-author
1657198565524:t
1657198571004:delete-author
1657875116403:ะต
1657875120207:t
1657875128348:delete-author
