1656231710957:listAuthors
1656231717750:authors
1656231728031:add-author
1656231744880:authors
1656231754983:delete-author
1656231765596:authors
1656232250146:genres
1656232261551:add-genre
1656232273549:genres
1656232279947:delete-genre
1656232289238:genres
1656234749128:books
1656234753449:add-book
1656234761997:add-author
1656234777347:add-book
1656234811360:books
1656234829793:delete-book
1656235362582:add-book
1656235367817:add-author
1656235391257:add-book
1656235410347:books
1656235418742:delete-book
1656235423039:books
1656237409911:add-genre
1656237417768:add-author
1656237428354:add-book
1656237453603:delete-author
1656237469262:authors
1656237516362:delete-genre
1656237868561:add-author
1656237879032:add-book
1656237892619:delete-author
1656240845556:genres
